<?xml version="1.0" encoding="UTF-8"?>
<!-- Generated by org.testng.reporters.JUnitReportReporter -->
<testsuite hostname="LAPTOP-QMGKJGRU" failures="0" tests="1" name="com.CRM.page.loginTest" time="1.530" errors="0" timestamp="2025-03-22T08:23:12 IST" skipped="0">
  <testcase classname="com.CRM.page.loginTest" name="loginfunctiontest" time="1.530"/>
  <system-out/>
</testsuite> <!-- com.CRM.page.loginTest -->
